<?xml version="1.0" encoding="UTF-8"?>
<testng-results ignored="0" total="0" passed="0" failed="0" skipped="0">
  <reporter-output>
  </reporter-output>
  <suite started-at="2024-03-09T15:35:08 ICT" name="Surefire suite" finished-at="2024-03-09T15:35:08 ICT" duration-ms="23">
    <groups>
    </groups>
    <test started-at="2024-03-09T15:35:08 ICT" name="Surefire test" finished-at="2024-03-09T15:35:08 ICT" duration-ms="23">
    </test> <!-- Surefire test -->
  </suite> <!-- Surefire suite -->
</testng-results>
